This is XeTeX, Version 3.1415926-2.2-0.9995.1 (MiKTeX 2.8) (preloaded format=xelatex 2012.6.5)  6 JUN 2012 09:38
entering extended mode
**simple.tex
(S:\examples\simple.tex
LaTeX2e <2009/09/24>
Babel <v3.8l> and hyphenation patterns for english, dumylang, nohyphenation, ge
rman, ngerman, german-x-2009-06-19, ngerman-x-2009-06-19, french, loaded.
(S:\texmf\tex\latex\base\article.cls
Document Class: article 2007/10/19 v1.4h Standard LaTeX document class
(S:\texmf\tex\latex\base\size10.clo
File: size10.clo 2007/10/19 v1.4h Standard LaTeX file (size option)
)
\c@part=\count80
\c@section=\count81
\c@subsection=\count82
\c@subsubsection=\count83
\c@paragraph=\count84
\c@subparagraph=\count85
\c@figure=\count86
\c@table=\count87
\abovecaptionskip=\skip41
\belowcaptionskip=\skip42
\bibindent=\dimen102
)
(S:\texmf\tex\xelatex\fontspec\fontspec.sty
Package: fontspec 2008/08/09 v1.18 Advanced font selection for XeLaTeX

(S:\texmf\tex\latex\ifxetex\ifxetex.sty
Package: ifxetex 2009/01/23 v0.5 Provides ifxetex conditional
)
\c@zf@newff=\count88
\c@zf@index=\count89
\c@zf@script=\count90
\c@zf@language=\count91
 (S:\texmf\tex\latex\tools\calc.sty
Package: calc 2007/08/22 v4.3 Infix arithmetic (KKT,FJ)
\calc@Acount=\count92
\calc@Bcount=\count93
\calc@Adimen=\dimen103
\calc@Bdimen=\dimen104
\calc@Askip=\skip43
\calc@Bskip=\skip44
LaTeX Info: Redefining \setlength on input line 76.
LaTeX Info: Redefining \addtolength on input line 77.
\calc@Ccount=\count94
\calc@Cskip=\skip45
)
(S:\texmf\tex\latex\xkeyval\xkeyval.sty
Package: xkeyval 2008/08/13 v2.6a package option processing (HA)

(S:\texmf\tex\generic\xkeyval\xkeyval.tex
\XKV@toks=\toks14
\XKV@tempa@toks=\toks15
\XKV@depth=\count95
File: xkeyval.tex 2008/08/13 v2.6a key=value parser (HA)

(S:\texmf\tex\generic\xkeyval\keyval.tex)))
(S:\texmf\tex\latex\base\fontenc.sty
Package: fontenc 2005/09/27 v1.99g Standard LaTeX package
 (S:\texmf\tex\xelatex\euenc\eu1enc.def
File: eu1enc.def 2008/03/08 v0.1d Experimental unicode font encoding
)
LaTeX Font Info:    Try loading font information for EU1+lmr on input line 100.


(S:\texmf\tex\xelatex\euenc\eu1lmr.fd
File: eu1lmr.fd 2007/01/14 v1.3 Font defs for Latin Modern
))
LaTeX Info: Redefining \itshape on input line 1163.
LaTeX Info: Redefining \slshape on input line 1166.
LaTeX Info: Redefining \scshape on input line 1169.
LaTeX Info: Redefining \upshape on input line 1172.

fontspec.cfg loaded.
(S:\texmf\tex\xelatex\fontspec\fontspec.cfg))
\c@zf@famc@新細明體=\count96
Package fontspec Info: Defining font family for '新細明體' with options [] 
on input line 3.
Package fontspec Info: Could not resolve font 新細明體/B (it might not exis
t) on input line 3.
Package fontspec Info: Could not resolve font 新細明體/I (it might not exis
t) on input line 3.
Package fontspec Info: Could not resolve font 新細明體/BI (it might not exi
st) on input line 3.
 (S:\examples\simple.aux)
LaTeX Font Info:    Checking defaults for OML/cmm/m/it on input line 11.
LaTeX Font Info:    ... okay on input line 11.
LaTeX Font Info:    Checking defaults for T1/cmr/m/n on input line 11.
LaTeX Font Info:    ... okay on input line 11.
LaTeX Font Info:    Checking defaults for OT1/cmr/m/n on input line 11.
LaTeX Font Info:    ... okay on input line 11.
LaTeX Font Info:    Checking defaults for OMS/cmsy/m/n on input line 11.
LaTeX Font Info:    ... okay on input line 11.
LaTeX Font Info:    Checking defaults for OMX/cmex/m/n on input line 11.
LaTeX Font Info:    ... okay on input line 11.
LaTeX Font Info:    Checking defaults for U/cmr/m/n on input line 11.
LaTeX Font Info:    ... okay on input line 11.
LaTeX Font Info:    Checking defaults for EU1/lmr/m/n on input line 11.
LaTeX Font Info:    ... okay on input line 11.
Package fontspec Info: Adjusting the maths setup (use [no-math] to avoid this).
 on input line 11.
\symlegacymaths=\mathgroup4
LaTeX Font Info:    Overwriting symbol font `legacymaths' in version `bold'
(Font)                  OT1/cmr/m/n --> OT1/cmr/bx/n on input line 11.
LaTeX Font Info:    Redeclaring math accent \acute on input line 11.
LaTeX Font Info:    Redeclaring math accent \grave on input line 11.
LaTeX Font Info:    Redeclaring math accent \ddot on input line 11.
LaTeX Font Info:    Redeclaring math accent \tilde on input line 11.
LaTeX Font Info:    Redeclaring math accent \bar on input line 11.
LaTeX Font Info:    Redeclaring math accent \breve on input line 11.
LaTeX Font Info:    Redeclaring math accent \check on input line 11.
LaTeX Font Info:    Redeclaring math accent \hat on input line 11.
LaTeX Font Info:    Redeclaring math accent \dot on input line 11.
LaTeX Font Info:    Redeclaring math accent \mathring on input line 11.
LaTeX Font Info:    Redeclaring math symbol \colon on input line 11.
LaTeX Font Info:    Redeclaring math symbol \Gamma on input line 11.
LaTeX Font Info:    Redeclaring math symbol \Delta on input line 11.
LaTeX Font Info:    Redeclaring math symbol \Theta on input line 11.
LaTeX Font Info:    Redeclaring math symbol \Lambda on input line 11.
LaTeX Font Info:    Redeclaring math symbol \Xi on input line 11.
LaTeX Font Info:    Redeclaring math symbol \Pi on input line 11.
LaTeX Font Info:    Redeclaring math symbol \Sigma on input line 11.
LaTeX Font Info:    Redeclaring math symbol \Upsilon on input line 11.
LaTeX Font Info:    Redeclaring math symbol \Phi on input line 11.
LaTeX Font Info:    Redeclaring math symbol \Psi on input line 11.
LaTeX Font Info:    Redeclaring math symbol \Omega on input line 11.
LaTeX Font Info:    Redeclaring math symbol \mathdollar on input line 11.
LaTeX Font Info:    Redeclaring symbol font `operators' on input line 11.
LaTeX Font Info:    Encoding `OT1' has changed to `EU1' for symbol font
(Font)              `operators' in the math version `normal' on input line 11.
LaTeX Font Info:    Overwriting symbol font `operators' in version `normal'
(Font)                  OT1/cmr/m/n --> EU1/新細明體(0)/m/n on input line 1
1.
LaTeX Font Info:    Encoding `OT1' has changed to `EU1' for symbol font
(Font)              `operators' in the math version `bold' on input line 11.
LaTeX Font Info:    Overwriting symbol font `operators' in version `bold'
(Font)                  OT1/cmr/bx/n --> EU1/新細明體(0)/m/n on input line 
11.
LaTeX Font Info:    Overwriting symbol font `operators' in version `normal'
(Font)                  EU1/新細明體(0)/m/n --> EU1/新細明體(0)/m/n on 
input line 11.
LaTeX Font Info:    Overwriting math alphabet `\mathrm' in version `normal'
(Font)                  EU1/新細明體(0)/m/n --> EU1/新細明體(0)/m/n on 
input line 11.
LaTeX Font Info:    Overwriting math alphabet `\mathit' in version `normal'
(Font)                  OT1/cmr/m/it --> EU1/新細明體(0)/m/it on input line
 11.
LaTeX Font Info:    Overwriting math alphabet `\mathbf' in version `normal'
(Font)                  OT1/cmr/bx/n --> EU1/新細明體(0)/bx/n on input line
 11.
LaTeX Font Info:    Overwriting math alphabet `\mathsf' in version `normal'
(Font)                  OT1/cmss/m/n --> EU1/lmss/m/n on input line 11.
LaTeX Font Info:    Overwriting math alphabet `\mathtt' in version `normal'
(Font)                  OT1/cmtt/m/n --> EU1/lmtt/m/n on input line 11.
LaTeX Font Info:    Overwriting symbol font `operators' in version `bold'
(Font)                  EU1/新細明體(0)/m/n --> EU1/新細明體(0)/bx/n on
 input line 11.
LaTeX Font Info:    Overwriting math alphabet `\mathrm' in version `bold'
(Font)                  EU1/新細明體(0)/m/n --> EU1/新細明體(0)/bx/n on
 input line 11.
LaTeX Font Info:    Overwriting math alphabet `\mathit' in version `bold'
(Font)                  OT1/cmr/bx/it --> EU1/新細明體(0)/bx/it on input li
ne 11.
LaTeX Font Info:    Overwriting math alphabet `\mathsf' in version `bold'
(Font)                  OT1/cmss/bx/n --> EU1/lmss/bx/n on input line 11.
LaTeX Font Info:    Overwriting math alphabet `\mathtt' in version `bold'
(Font)                  OT1/cmtt/m/n --> EU1/lmtt/bx/n on input line 11.
LaTeX Font Info:    External font `cmex10' loaded for size
(Font)              <12> on input line 12.
LaTeX Font Info:    External font `cmex10' loaded for size
(Font)              <8> on input line 12.
LaTeX Font Info:    External font `cmex10' loaded for size
(Font)              <6> on input line 12.
LaTeX Font Info:    Font shape `EU1/新細明體(0)/bx/n' undefined
(Font)              using `EU1/新細明體(0)/m/n' instead on input line 14.
\c@zf@famc@標楷體=\count97
Package fontspec Info: Defining font family for '標楷體' with options [] on 
input line 17.
Package fontspec Info: Could not resolve font 標楷體/B (it might not exist) 
on input line 17.
Package fontspec Info: Could not resolve font 標楷體/I (it might not exist) 
on input line 17.
Package fontspec Info: Could not resolve font 標楷體/BI (it might not exist)
 on input line 17.
LaTeX Font Info:    Font shape `EU1/新細明體(0)/m/it' undefined
(Font)              using `EU1/新細明體(0)/m/n' instead on input line 41.
 [1

]
LaTeX Font Info:    External font `cmex10' loaded for size
(Font)              <7> on input line 71.
LaTeX Font Info:    External font `cmex10' loaded for size
(Font)              <5> on input line 71.
LaTeX Font Info:    Try loading font information for OMS+新細明體(0) on inp
ut line 79.
LaTeX Font Info:    No file OMS新細明體(0).fd. on input line 79.
LaTeX Font Info:    Font shape `OMS/新細明體(0)/m/n' undefined
(Font)              using `OMS/cmsy/m/n' instead
(Font)              for symbol `textbullet' on input line 79.

Overfull \hbox (36.80634pt too wide) in paragraph at lines 108--118
 [] 
 []

LaTeX Font Info:    Try loading font information for OT1+新細明體(0) on inp
ut line 123.
LaTeX Font Info:    No file OT1新細明體(0).fd. on input line 123.
LaTeX Font Info:    Font shape `OT1/新細明體(0)/m/n' undefined
(Font)              using `OT1/cmr/m/n' instead
(Font)              for symbol `textdollar' on input line 123.
LaTeX Font Info:    Try loading font information for EU1+lmtt on input line 124
.
(S:\texmf\tex\xelatex\euenc\eu1lmtt.fd
File: eu1lmtt.fd 2007/01/14 v1.3 Font defs for Latin Modern
) [2] [3] (S:\examples\simple.aux)
LaTeX Font Info:    Some font shapes were not available, defaults substituted.
 ) 
Here is how much of TeX's memory you used:
 2298 strings out of 430430
 44821 string characters out of 3189500
 127390 words of memory out of 3000000
 5470 multiletter control sequences out of 15000+200000
 6480 words of font info for 36 fonts, out of 3000000 for 9000
 14 hyphenation exceptions out of 8191
 27i,8n,27p,500b,187s stack positions out of 5000i,500n,10000p,200000b,50000s

Output written on simple.xdv (3 pages, 28556 bytes).
